::1 - - [07/Jan/2020:17:21:00 -0300] "GET / HTTP/1.1" 200 11992
::1 - - [07/Jan/2020:17:21:00 -0300] "GET /favicon.ico HTTP/1.1" 404 196
::1 - - [07/Jan/2020:17:22:08 -0300] "GET / HTTP/1.1" 304 -
::1 - - [07/Jan/2020:17:22:16 -0300] "GET / HTTP/1.1" 304 -
::1 - - [07/Jan/2020:17:36:40 -0300] "GET / HTTP/1.1" 304 -
::1 - - [07/Jan/2020:17:38:03 -0300] "GET / HTTP/1.1" 200 11992
::1 - - [07/Jan/2020:17:42:42 -0300] "GET / HTTP/1.1" 200 4072
::1 - - [07/Jan/2020:17:42:42 -0300] "GET /icons/blank.gif HTTP/1.1" 200 148
::1 - - [07/Jan/2020:17:42:42 -0300] "GET /icons/text.gif HTTP/1.1" 200 229
::1 - - [07/Jan/2020:17:42:42 -0300] "GET /icons/folder.gif HTTP/1.1" 200 225
::1 - - [07/Jan/2020:17:43:01 -0300] "GET /info HTTP/1.1" 404 196
::1 - - [07/Jan/2020:17:43:08 -0300] "GET /infoPHP HTTP/1.1" 404 196
::1 - - [07/Jan/2020:17:43:11 -0300] "GET /infoPHP/ HTTP/1.1" 404 196
::1 - - [07/Jan/2020:17:43:16 -0300] "GET /infoPHP/index.php HTTP/1.1" 404 196
::1 - - [07/Jan/2020:17:43:41 -0300] "GET /infoPHP/index.php HTTP/1.1" 404 196
::1 - - [07/Jan/2020:17:43:44 -0300] "GET / HTTP/1.1" 200 11992
::1 - - [07/Jan/2020:17:44:08 -0300] "GET /infoPHP HTTP/1.1" 301 233
::1 - - [07/Jan/2020:17:44:08 -0300] "GET /infoPHP/ HTTP/1.1" 200 86325
::1 - - [07/Jan/2020:17:46:04 -0300] "GET / HTTP/1.1" 200 1580
::1 - - [07/Jan/2020:17:46:04 -0300] "GET /icons/blank.gif HTTP/1.1" 304 -
::1 - - [07/Jan/2020:17:46:04 -0300] "GET /icons/folder.gif HTTP/1.1" 304 -
::1 - - [07/Jan/2020:17:46:06 -0300] "GET /infoPHP/ HTTP/1.1" 200 86490
::1 - - [07/Jan/2020:17:57:56 -0300] "GET /infoPHP/ HTTP/1.1" 200 82213
::1 - - [07/Jan/2020:17:59:53 -0300] "GET / HTTP/1.1" 200 1580
::1 - - [07/Jan/2020:17:59:53 -0300] "GET /icons/blank.gif HTTP/1.1" 304 -
::1 - - [07/Jan/2020:17:59:53 -0300] "GET /icons/folder.gif HTTP/1.1" 304 -
::1 - - [07/Jan/2020:17:59:56 -0300] "GET /infoPHP/ HTTP/1.1" 200 81978
::1 - - [07/Jan/2020:18:09:08 -0300] "GET /infoPHP/ HTTP/1.1" 200 82199
::1 - - [07/Jan/2020:18:33:39 -0300] "GET /infoPHP/ HTTP/1.1" 200 82118
::1 - - [07/Jan/2020:18:33:39 -0300] "GET /favicon.ico HTTP/1.1" 404 196
::1 - - [07/Jan/2020:18:33:40 -0300] "GET /infoPHP/ HTTP/1.1" 200 82118
::1 - - [07/Jan/2020:18:33:40 -0300] "GET /infoPHP/ HTTP/1.1" 200 82118
::1 - - [07/Jan/2020:18:33:41 -0300] "GET /infoPHP/ HTTP/1.1" 200 82117
::1 - - [07/Jan/2020:18:33:41 -0300] "GET /infoPHP/ HTTP/1.1" 200 82118
::1 - - [07/Jan/2020:18:36:21 -0300] "GET /infoPHP/ HTTP/1.1" 200 82200
::1 - - [07/Jan/2020:18:40:26 -0300] "GET /infoPHP/ HTTP/1.1" 200 82199
::1 - - [07/Jan/2020:18:45:02 -0300] "GET / HTTP/1.1" 200 1580
::1 - - [07/Jan/2020:18:45:02 -0300] "GET /icons/folder.gif HTTP/1.1" 304 -
::1 - - [07/Jan/2020:18:45:02 -0300] "GET /icons/blank.gif HTTP/1.1" 304 -
::1 - - [07/Jan/2020:18:46:21 -0300] "GET /infoPHP/ HTTP/1.1" 200 82199
::1 - - [07/Jan/2020:18:47:21 -0300] "-" 408 -
::1 - - [07/Jan/2020:18:47:34 -0300] "GET /infoPHP/ HTTP/1.1" 200 82199
::1 - - [07/Jan/2020:18:47:36 -0300] "GET /infoPHP/ HTTP/1.1" 200 82198
::1 - - [07/Jan/2020:18:47:36 -0300] "GET /infoPHP/ HTTP/1.1" 200 82199
::1 - - [07/Jan/2020:18:47:37 -0300] "GET /infoPHP/ HTTP/1.1" 200 82199
::1 - - [07/Jan/2020:18:48:34 -0300] "-" 408 -
::1 - - [07/Jan/2020:18:48:46 -0300] "GET /infoPHP/ HTTP/1.1" 200 82199
::1 - - [07/Jan/2020:18:48:47 -0300] "GET /infoPHP/ HTTP/1.1" 200 82199
::1 - - [07/Jan/2020:18:48:47 -0300] "GET /infoPHP/ HTTP/1.1" 200 82199
::1 - - [07/Jan/2020:18:48:47 -0300] "GET /infoPHP/ HTTP/1.1" 200 82199
::1 - - [07/Jan/2020:18:48:48 -0300] "GET /infoPHP/ HTTP/1.1" 200 82199
::1 - - [07/Jan/2020:18:48:48 -0300] "GET /infoPHP/ HTTP/1.1" 200 82199
::1 - - [07/Jan/2020:18:48:48 -0300] "GET /infoPHP/ HTTP/1.1" 200 82199
::1 - - [07/Jan/2020:18:48:49 -0300] "GET /infoPHP/ HTTP/1.1" 200 82199
::1 - - [07/Jan/2020:18:48:49 -0300] "GET /infoPHP/ HTTP/1.1" 200 82199
::1 - - [07/Jan/2020:18:48:49 -0300] "GET /infoPHP/ HTTP/1.1" 200 82199
::1 - - [07/Jan/2020:18:51:01 -0300] "GET /infoPHP/ HTTP/1.1" 200 82199
::1 - - [07/Jan/2020:18:52:46 -0300] "GET /infoPHP/ HTTP/1.1" 200 86725
::1 - - [07/Jan/2020:18:53:21 -0300] "GET /infoPHP/ HTTP/1.1" 200 86726
::1 - - [07/Jan/2020:18:56:08 -0300] "GET /infoPHP/ HTTP/1.1" 200 82189
::1 - - [07/Jan/2020:18:57:08 -0300] "-" 408 -
::1 - - [08/Jan/2020:09:03:24 -0300] "GET /infoPHP/ HTTP/1.1" 200 86191
::1 - - [08/Jan/2020:09:07:21 -0300] "GET /infoPHP/ HTTP/1.1" 200 81845
::1 - - [08/Jan/2020:09:08:21 -0300] "-" 408 -
::1 - - [08/Jan/2020:09:09:46 -0300] "GET /infoPHP/ HTTP/1.1" 200 81932
::1 - - [08/Jan/2020:09:09:46 -0300] "GET /infoPHP/ HTTP/1.1" 200 81932
::1 - - [08/Jan/2020:09:10:46 -0300] "-" 408 -
::1 - - [08/Jan/2020:09:11:01 -0300] "GET /infoPHP/ HTTP/1.1" 200 91860
::1 - - [08/Jan/2020:09:12:01 -0300] "-" 408 -
::1 - - [08/Jan/2020:09:12:10 -0300] "GET /infoPHP/ HTTP/1.1" 200 93052
::1 - - [08/Jan/2020:09:13:10 -0300] "-" 408 -
::1 - - [08/Jan/2020:09:14:55 -0300] "GET /infoPHP/ HTTP/1.1" 200 93052
::1 - - [08/Jan/2020:11:41:04 -0300] "GET / HTTP/1.1" 200 1810
::1 - - [08/Jan/2020:11:41:05 -0300] "GET /favicon.ico HTTP/1.1" 404 196
::1 - - [08/Jan/2020:11:41:06 -0300] "GET /infoPHP/ HTTP/1.1" 200 95746
::1 - - [08/Jan/2020:11:42:04 -0300] "-" 408 -
